0 info it worked if it ends with ok
1 verbose cli [ 'C:\\Program Files\\nodejs\\node.exe',
1 verbose cli   'C:\\Program Files\\nodejs\\node_modules\\npm\\bin\\npm-cli.js',
1 verbose cli   'run',
1 verbose cli   'server' ]
2 info using npm@3.10.10
3 info using node@v6.9.3
4 verbose run-script [ 'preserver', 'server', 'postserver' ]
5 info lifecycle ng2-fundamentals-demo@1.0.0~preserver: ng2-fundamentals-demo@1.0.0
6 silly lifecycle ng2-fundamentals-demo@1.0.0~preserver: no script for preserver, continuing
7 info lifecycle ng2-fundamentals-demo@1.0.0~server: ng2-fundamentals-demo@1.0.0
8 verbose lifecycle ng2-fundamentals-demo@1.0.0~server: unsafe-perm in lifecycle true
9 verbose lifecycle ng2-fundamentals-demo@1.0.0~server: PATH: C:\Users\chris\AppData\Roaming\nvm\v6.9.3\node_modules\npm\bin\node-gyp-bin;C:\Users\chris\Documents\Visual Studio 2015\Projects\ng2EventsApp\node_modules\.bin;C:\Users\chris\bin;C:\Program Files\Git\mingw64\bin;C:\Program Files\Git\usr\local\bin;C:\Program Files\Git\usr\bin;C:\Program Files\Git\usr\bin;C;C:\Program Files\Git\mingw64\bin;C;C:\Program Files\Git\usr\bin;C;C:\Users\chris\bin;C;C:\Program Files (x86)\ActiveState Komodo Edit 10;C;C:\ProgramData\Oracle\Java\javapath;C;C:\Program Files (x86)\Intel\iCLS Client;C;C:\Program Files\Intel\iCLS Client;C;C:\WINDOWS\system32;C;C:\WINDOWS;C;C:\WINDOWS\System32\Wbem;C;C:\WINDOWS\System32\WindowsPowerShell\v1.0;C;C:\Program Files (x86)\Intel\Intel(R) Management Engine Components\DAL;C;C:\Program Files\Intel\Intel(R) Management Engine Components\DAL;C;C:\Program Files (x86)\Intel\Intel(R) Management Engine Components\IPT;C;C:\Program Files\Intel\Intel(R) Management Engine Components\IPT;C;C:\Program Files\TortoiseSVN\bin;C;C:\Program Files\Microsoft SQL Server\110\Tools\Binn;C;C:\Program Files (x86)\Microsoft SQL Server\110\Tools\Binn\ManagementStudio;C;C:\Program Files (x86)\Microsoft SQL Server\110\Tools\Binn;C;C:\Program Files (x86)\Microsoft SQL Server\110\DTS\Binn;C;C:\Program Files\Microsoft\Web Platform Installer;C;C:\Program Files\Microsoft SQL Server\110\DTS\Binn;C;C:\Program Files\Microsoft SQL Server\120\Tools\Binn;C;C:\Program Files (x86)\Windows Live\Shared;C;C:\Program Files (x86)\Common Files\Adobe\AGL;C;C:\Program Files (x86)\Windows Kits\8.1\Windows Performance Toolkit;C;C:\Program Files\Microsoft SQL Server\130\Tools\Binn;C;C:\Program Files\Git\cmd;C;C:\Program Files\Intel\WiFi\bin;C;C:\Program Files\Common Files\Intel\WirelessCommon;C;C:\Program Files\PuTTY;C;C:\Program Files\OpenVPN\bin;C;C:\Users\chris\AppData\Roaming\nvm;C;C:\Program Files\nodejs;C;C:\Ruby22-x64\bin;C;C:\Users\chris\.dnx\bin;C;C:\Users\chris\AppData\Local\Microsoft\WindowsApps;C;C:\Users\chris\AppData\Roaming\npm;C;C:\Users\chris\AppData\Roaming\nvm;C;C:\Program Files\nodejs;C:\Program Files\Git\usr\bin\vendor_perl;C:\Program Files\Git\usr\bin\core_perl
10 verbose lifecycle ng2-fundamentals-demo@1.0.0~server: CWD: C:\Users\chris\Documents\Visual Studio 2015\Projects\ng2EventsApp
11 silly lifecycle ng2-fundamentals-demo@1.0.0~server: Args: [ '/d /s /c', 'node node_modules/ng2f-server/server.js' ]
12 silly lifecycle ng2-fundamentals-demo@1.0.0~server: Returned: code: 1  signal: null
13 info lifecycle ng2-fundamentals-demo@1.0.0~server: Failed to exec server script
14 verbose stack Error: ng2-fundamentals-demo@1.0.0 server: `node node_modules/ng2f-server/server.js`
14 verbose stack Exit status 1
14 verbose stack     at EventEmitter.<anonymous> (C:\Users\chris\AppData\Roaming\nvm\v6.9.3\node_modules\npm\lib\utils\lifecycle.js:255:16)
14 verbose stack     at emitTwo (events.js:106:13)
14 verbose stack     at EventEmitter.emit (events.js:191:7)
14 verbose stack     at ChildProcess.<anonymous> (C:\Users\chris\AppData\Roaming\nvm\v6.9.3\node_modules\npm\lib\utils\spawn.js:40:14)
14 verbose stack     at emitTwo (events.js:106:13)
14 verbose stack     at ChildProcess.emit (events.js:191:7)
14 verbose stack     at maybeClose (internal/child_process.js:877:16)
14 verbose stack     at Process.ChildProcess._handle.onexit (internal/child_process.js:226:5)
15 verbose pkgid ng2-fundamentals-demo@1.0.0
16 verbose cwd C:\Users\chris\Documents\Visual Studio 2015\Projects\ng2EventsApp
17 error Windows_NT 10.0.16299
18 error argv "C:\\Program Files\\nodejs\\node.exe" "C:\\Program Files\\nodejs\\node_modules\\npm\\bin\\npm-cli.js" "run" "server"
19 error node v6.9.3
20 error npm  v3.10.10
21 error code ELIFECYCLE
22 error ng2-fundamentals-demo@1.0.0 server: `node node_modules/ng2f-server/server.js`
22 error Exit status 1
23 error Failed at the ng2-fundamentals-demo@1.0.0 server script 'node node_modules/ng2f-server/server.js'.
23 error Make sure you have the latest version of node.js and npm installed.
23 error If you do, this is most likely a problem with the ng2-fundamentals-demo package,
23 error not with npm itself.
23 error Tell the author that this fails on your system:
23 error     node node_modules/ng2f-server/server.js
23 error You can get information on how to open an issue for this project with:
23 error     npm bugs ng2-fundamentals-demo
23 error Or if that isn't available, you can get their info via:
23 error     npm owner ls ng2-fundamentals-demo
23 error There is likely additional logging output above.
24 verbose exit [ 1, true ]
